<?xml version="1.0" encoding="UTF-8"?>
<!-- Generated by org.testng.reporters.JUnitReportReporter -->
<testsuite hostname="LAPTOP-GB6I0OB6" failures="0" tests="2" name="testcases.WorkersTest" time="41.546" errors="0" timestamp="2023-10-16T19:52:12 IST" skipped="0">
  <testcase classname="testcases.WorkersTest" name="verifyWorkersPage" time="19.904"/>
  <testcase classname="testcases.WorkersTest" name="verifyWorkersPage" time="21.642"/>
</testsuite> <!-- testcases.WorkersTest -->
