<?xml version="1.0" encoding="UTF-8"?>
<!-- Generated by org.testng.reporters.JUnitReportReporter -->
<testsuite hostname="LAPTOP-GB6I0OB6" failures="0" tests="2" name="testcases.BankDetailsTest" time="55.336" errors="0" timestamp="2023-10-17T21:44:53 IST" skipped="0">
  <testcase classname="testcases.BankDetailsTest" name="verifyBankDetails" time="27.458"/>
  <testcase classname="testcases.BankDetailsTest" name="verifyBankDetails" time="27.878"/>
</testsuite> <!-- testcases.BankDetailsTest -->
